<?xml version="1.0" encoding="UTF-8"?>
<testng-results ignored="0" total="1" passed="1" failed="0" skipped="0">
  <reporter-output>
  </reporter-output>
  <suite started-at="2024-09-24T16:59:55 IST" name="Default suite" finished-at="2024-09-24T17:00:01 IST" duration-ms="6118">
    <groups>
    </groups>
    <test started-at="2024-09-24T16:59:55 IST" name="Default test" finished-at="2024-09-24T17:00:01 IST" duration-ms="6118">
      <class name="testpkg.Fblogintest">
        <test-method is-config="true" signature="setup()[pri:0, instance:testpkg.Fblogintest@3646a422]" started-at="2024-09-24T16:59:55 IST" name="setup" finished-at="2024-09-24T16:59:59 IST" duration-ms="4313" status="PASS">
          <reporter-output>
          </reporter-output>
        </test-method> <!-- setup -->
        <test-method signature="test()[pri:0, instance:testpkg.Fblogintest@3646a422]" started-at="2024-09-24T16:59:59 IST" name="test" finished-at="2024-09-24T17:00:01 IST" duration-ms="1766" status="PASS">
          <reporter-output>
          </reporter-output>
        </test-method> <!-- test -->
      </class> <!-- testpkg.Fblogintest -->
    </test> <!-- Default test -->
  </suite> <!-- Default suite -->
</testng-results>
